Traceback (most recent call last):
  File "/Users/chandrasingh/opt/anaconda3/lib/python3.8/site-packages/jupyter_cache/executors/utils.py", line 51, in single_nb_execution
    executenb(
  File "/Users/chandrasingh/opt/anaconda3/lib/python3.8/site-packages/nbclient/client.py", line 1204, in execute
    return NotebookClient(nb=nb, resources=resources, km=km, **kwargs).execute()
  File "/Users/chandrasingh/opt/anaconda3/lib/python3.8/site-packages/nbclient/util.py", line 84, in wrapped
    return just_run(coro(*args, **kwargs))
  File "/Users/chandrasingh/opt/anaconda3/lib/python3.8/site-packages/nbclient/util.py", line 62, in just_run
    return loop.run_until_complete(coro)
  File "/Users/chandrasingh/opt/anaconda3/lib/python3.8/asyncio/base_events.py", line 616, in run_until_complete
    return future.result()
  File "/Users/chandrasingh/opt/anaconda3/lib/python3.8/site-packages/nbclient/client.py", line 663, in async_execute
    await self.async_execute_cell(
  File "/Users/chandrasingh/opt/anaconda3/lib/python3.8/site-packages/nbclient/client.py", line 965, in async_execute_cell
    await self._check_raise_for_error(cell, cell_index, exec_reply)
  File "/Users/chandrasingh/opt/anaconda3/lib/python3.8/site-packages/nbclient/client.py", line 862, in _check_raise_for_error
    raise CellExecutionError.from_cell_and_msg(cell, exec_reply_content)
nbclient.exceptions.CellExecutionError: An error occurred while executing the following cell:
------------------
# Add the integer features of a DataFrame’s row to a feature dictionary

import tensorflow as tf

def add_int_features(dataset_row, feature_dict):
    int_vals = ['Store', 'Dept', 'IsHoliday', 'Size']
    for feature_name in int_vals:
        list_val = tf.train.Int64List(value=[dataset_row[feature_name]])
        feature_dict[feature_name] = tf.train.Feature(int64_list = list_val)
------------------

[0;31m---------------------------------------------------------------------------[0m
[0;31mModuleNotFoundError[0m                       Traceback (most recent call last)
Input [0;32mIn [26][0m, in [0;36m<cell line: 3>[0;34m()[0m
[1;32m      1[0m [38;5;66;03m# Add the integer features of a DataFrame’s row to a feature dictionary[39;00m
[0;32m----> 3[0m [38;5;28;01mimport[39;00m [38;5;21;01mtensorflow[39;00m [38;5;28;01mas[39;00m [38;5;21;01mtf[39;00m
[1;32m      5[0m [38;5;28;01mdef[39;00m [38;5;21madd_int_features[39m(dataset_row, feature_dict):
[1;32m      6[0m     int_vals [38;5;241m=[39m [[38;5;124m'[39m[38;5;124mStore[39m[38;5;124m'[39m, [38;5;124m'[39m[38;5;124mDept[39m[38;5;124m'[39m, [38;5;124m'[39m[38;5;124mIsHoliday[39m[38;5;124m'[39m, [38;5;124m'[39m[38;5;124mSize[39m[38;5;124m'[39m]

[0;31mModuleNotFoundError[0m: No module named 'tensorflow'
ModuleNotFoundError: No module named 'tensorflow'

