Traceback (most recent call last):
  File "/Users/chandrasingh/opt/anaconda3/lib/python3.8/site-packages/jupyter_cache/executors/utils.py", line 51, in single_nb_execution
    executenb(
  File "/Users/chandrasingh/opt/anaconda3/lib/python3.8/site-packages/nbclient/client.py", line 1204, in execute
    return NotebookClient(nb=nb, resources=resources, km=km, **kwargs).execute()
  File "/Users/chandrasingh/opt/anaconda3/lib/python3.8/site-packages/nbclient/util.py", line 84, in wrapped
    return just_run(coro(*args, **kwargs))
  File "/Users/chandrasingh/opt/anaconda3/lib/python3.8/site-packages/nbclient/util.py", line 62, in just_run
    return loop.run_until_complete(coro)
  File "/Users/chandrasingh/opt/anaconda3/lib/python3.8/asyncio/base_events.py", line 616, in run_until_complete
    return future.result()
  File "/Users/chandrasingh/opt/anaconda3/lib/python3.8/site-packages/nbclient/client.py", line 663, in async_execute
    await self.async_execute_cell(
  File "/Users/chandrasingh/opt/anaconda3/lib/python3.8/site-packages/nbclient/client.py", line 965, in async_execute_cell
    await self._check_raise_for_error(cell, cell_index, exec_reply)
  File "/Users/chandrasingh/opt/anaconda3/lib/python3.8/site-packages/nbclient/client.py", line 862, in _check_raise_for_error
    raise CellExecutionError.from_cell_and_msg(cell, exec_reply_content)
nbclient.exceptions.CellExecutionError: An error occurred while executing the following cell:
------------------
a = [1]*100000
b =(1,)*100000
print(type(b))
%timeit TestClass.iterate(a)
%timeit TestClass.iterate(b)
------------------

[0;31m---------------------------------------------------------------------------[0m
[0;31mKeyboardInterrupt[0m                         Traceback (most recent call last)
Input [0;32mIn [21][0m, in [0;36m<cell line: 4>[0;34m()[0m
[1;32m      2[0m b [38;5;241m=[39m([38;5;241m1[39m,)[38;5;241m*[39m[38;5;241m100000[39m
[1;32m      3[0m [38;5;28mprint[39m([38;5;28mtype[39m(b))
[0;32m----> 4[0m [43mget_ipython[49m[43m([49m[43m)[49m[38;5;241;43m.[39;49m[43mrun_line_magic[49m[43m([49m[38;5;124;43m'[39;49m[38;5;124;43mtimeit[39;49m[38;5;124;43m'[39;49m[43m,[49m[43m [49m[38;5;124;43m'[39;49m[38;5;124;43mTestClass.iterate(a)[39;49m[38;5;124;43m'[39;49m[43m)[49m
[1;32m      5[0m get_ipython()[38;5;241m.[39mrun_line_magic([38;5;124m'[39m[38;5;124mtimeit[39m[38;5;124m'[39m, [38;5;124m'[39m[38;5;124mTestClass.iterate(b)[39m[38;5;124m'[39m)

File [0;32m~/opt/anaconda3/lib/python3.8/site-packages/IPython/core/interactiveshell.py:2285[0m, in [0;36mInteractiveShell.run_line_magic[0;34m(self, magic_name, line, _stack_depth)[0m
[1;32m   2283[0m     kwargs[[38;5;124m'[39m[38;5;124mlocal_ns[39m[38;5;124m'[39m] [38;5;241m=[39m [38;5;28mself[39m[38;5;241m.[39mget_local_scope(stack_depth)
[1;32m   2284[0m [38;5;28;01mwith[39;00m [38;5;28mself[39m[38;5;241m.[39mbuiltin_trap:
[0;32m-> 2285[0m     result [38;5;241m=[39m [43mfn[49m[43m([49m[38;5;241;43m*[39;49m[43margs[49m[43m,[49m[43m [49m[38;5;241;43m*[39;49m[38;5;241;43m*[39;49m[43mkwargs[49m[43m)[49m
[1;32m   2286[0m [38;5;28;01mreturn[39;00m result

File [0;32m~/opt/anaconda3/lib/python3.8/site-packages/IPython/core/magics/execution.py:1166[0m, in [0;36mExecutionMagics.timeit[0;34m(self, line, cell, local_ns)[0m
[1;32m   1163[0m         [38;5;28;01mif[39;00m time_number [38;5;241m>[39m[38;5;241m=[39m [38;5;241m0.2[39m:
[1;32m   1164[0m             [38;5;28;01mbreak[39;00m
[0;32m-> 1166[0m all_runs [38;5;241m=[39m [43mtimer[49m[38;5;241;43m.[39;49m[43mrepeat[49m[43m([49m[43mrepeat[49m[43m,[49m[43m [49m[43mnumber[49m[43m)[49m
[1;32m   1167[0m best [38;5;241m=[39m [38;5;28mmin[39m(all_runs) [38;5;241m/[39m number
[1;32m   1168[0m worst [38;5;241m=[39m [38;5;28mmax[39m(all_runs) [38;5;241m/[39m number

File [0;32m~/opt/anaconda3/lib/python3.8/timeit.py:205[0m, in [0;36mTimer.repeat[0;34m(self, repeat, number)[0m
[1;32m    203[0m r [38;5;241m=[39m []
[1;32m    204[0m [38;5;28;01mfor[39;00m i [38;5;129;01min[39;00m [38;5;28mrange[39m(repeat):
[0;32m--> 205[0m     t [38;5;241m=[39m [38;5;28;43mself[39;49m[38;5;241;43m.[39;49m[43mtimeit[49m[43m([49m[43mnumber[49m[43m)[49m
[1;32m    206[0m     r[38;5;241m.[39mappend(t)
[1;32m    207[0m [38;5;28;01mreturn[39;00m r

File [0;32m~/opt/anaconda3/lib/python3.8/site-packages/IPython/core/magics/execution.py:156[0m, in [0;36mTimer.timeit[0;34m(self, number)[0m
[1;32m    154[0m gc[38;5;241m.[39mdisable()
[1;32m    155[0m [38;5;28;01mtry[39;00m:
[0;32m--> 156[0m     timing [38;5;241m=[39m [38;5;28;43mself[39;49m[38;5;241;43m.[39;49m[43minner[49m[43m([49m[43mit[49m[43m,[49m[43m [49m[38;5;28;43mself[39;49m[38;5;241;43m.[39;49m[43mtimer[49m[43m)[49m
[1;32m    157[0m [38;5;28;01mfinally[39;00m:
[1;32m    158[0m     [38;5;28;01mif[39;00m gcold:

File [0;32m<magic-timeit>:1[0m, in [0;36minner[0;34m(_it, _timer)[0m

Input [0;32mIn [20][0m, in [0;36mTestClass.iterate[0;34m(obj)[0m
[1;32m      3[0m [38;5;28;01mdef[39;00m [38;5;21miterate[39m(obj):
[1;32m      4[0m     [38;5;28;01mfor[39;00m _ [38;5;129;01min[39;00m obj:
[0;32m----> 5[0m         [38;5;28;01mpass[39;00m

[0;31mKeyboardInterrupt[0m: 
KeyboardInterrupt: 

