Traceback (most recent call last):
  File "/Users/chandrasingh/opt/anaconda3/lib/python3.8/site-packages/jupyter_cache/executors/utils.py", line 51, in single_nb_execution
    executenb(
  File "/Users/chandrasingh/opt/anaconda3/lib/python3.8/site-packages/nbclient/client.py", line 1204, in execute
    return NotebookClient(nb=nb, resources=resources, km=km, **kwargs).execute()
  File "/Users/chandrasingh/opt/anaconda3/lib/python3.8/site-packages/nbclient/util.py", line 84, in wrapped
    return just_run(coro(*args, **kwargs))
  File "/Users/chandrasingh/opt/anaconda3/lib/python3.8/site-packages/nbclient/util.py", line 62, in just_run
    return loop.run_until_complete(coro)
  File "/Users/chandrasingh/opt/anaconda3/lib/python3.8/asyncio/base_events.py", line 616, in run_until_complete
    return future.result()
  File "/Users/chandrasingh/opt/anaconda3/lib/python3.8/site-packages/nbclient/client.py", line 663, in async_execute
    await self.async_execute_cell(
  File "/Users/chandrasingh/opt/anaconda3/lib/python3.8/site-packages/nbclient/client.py", line 965, in async_execute_cell
    await self._check_raise_for_error(cell, cell_index, exec_reply)
  File "/Users/chandrasingh/opt/anaconda3/lib/python3.8/site-packages/nbclient/client.py", line 862, in _check_raise_for_error
    raise CellExecutionError.from_cell_and_msg(cell, exec_reply_content)
nbclient.exceptions.CellExecutionError: An error occurred while executing the following cell:
------------------
import pandas as pd
train_df = pd.read_csv('./storeSalesForecasting/train.csv')
print(train_df)
------------------

[0;31m---------------------------------------------------------------------------[0m
[0;31mKeyboardInterrupt[0m                         Traceback (most recent call last)
Input [0;32mIn [1][0m, in [0;36m<cell line: 1>[0;34m()[0m
[0;32m----> 1[0m [38;5;28;01mimport[39;00m [38;5;21;01mpandas[39;00m [38;5;28;01mas[39;00m [38;5;21;01mpd[39;00m
[1;32m      2[0m train_df [38;5;241m=[39m pd[38;5;241m.[39mread_csv([38;5;124m'[39m[38;5;124m./storeSalesForecasting/train.csv[39m[38;5;124m'[39m)
[1;32m      3[0m [38;5;28mprint[39m(train_df)

File [0;32m~/opt/anaconda3/lib/python3.8/site-packages/pandas/__init__.py:11[0m, in [0;36m<module>[0;34m[0m
[1;32m      9[0m [38;5;28;01mfor[39;00m dependency [38;5;129;01min[39;00m hard_dependencies:
[1;32m     10[0m     [38;5;28;01mtry[39;00m:
[0;32m---> 11[0m         [38;5;28;43m__import__[39;49m[43m([49m[43mdependency[49m[43m)[49m
[1;32m     12[0m     [38;5;28;01mexcept[39;00m [38;5;167;01mImportError[39;00m [38;5;28;01mas[39;00m e:
[1;32m     13[0m         missing_dependencies[38;5;241m.[39mappend([38;5;124mf[39m[38;5;124m"[39m[38;5;132;01m{[39;00mdependency[38;5;132;01m}[39;00m[38;5;124m: [39m[38;5;132;01m{[39;00me[38;5;132;01m}[39;00m[38;5;124m"[39m)

File [0;32m~/opt/anaconda3/lib/python3.8/site-packages/numpy/__init__.py:145[0m, in [0;36m<module>[0;34m[0m
[1;32m    142[0m [38;5;66;03m# Allow distributors to run custom init code[39;00m
[1;32m    143[0m [38;5;28;01mfrom[39;00m [38;5;21;01m.[39;00m [38;5;28;01mimport[39;00m _distributor_init
[0;32m--> 145[0m [38;5;28;01mfrom[39;00m [38;5;21;01m.[39;00m [38;5;28;01mimport[39;00m core
[1;32m    146[0m [38;5;28;01mfrom[39;00m [38;5;21;01m.[39;00m[38;5;21;01mcore[39;00m [38;5;28;01mimport[39;00m [38;5;241m*[39m
[1;32m    147[0m [38;5;28;01mfrom[39;00m [38;5;21;01m.[39;00m [38;5;28;01mimport[39;00m compat

File [0;32m~/opt/anaconda3/lib/python3.8/site-packages/numpy/core/__init__.py:72[0m, in [0;36m<module>[0;34m[0m
[1;32m     70[0m [38;5;28;01mfrom[39;00m [38;5;21;01m.[39;00m [38;5;28;01mimport[39;00m numerictypes [38;5;28;01mas[39;00m nt
[1;32m     71[0m multiarray[38;5;241m.[39mset_typeDict(nt[38;5;241m.[39msctypeDict)
[0;32m---> 72[0m [38;5;28;01mfrom[39;00m [38;5;21;01m.[39;00m [38;5;28;01mimport[39;00m numeric
[1;32m     73[0m [38;5;28;01mfrom[39;00m [38;5;21;01m.[39;00m[38;5;21;01mnumeric[39;00m [38;5;28;01mimport[39;00m [38;5;241m*[39m
[1;32m     74[0m [38;5;28;01mfrom[39;00m [38;5;21;01m.[39;00m [38;5;28;01mimport[39;00m fromnumeric

File [0;32m~/opt/anaconda3/lib/python3.8/site-packages/numpy/core/numeric.py:2529[0m, in [0;36m<module>[0;34m[0m
[1;32m   2525[0m         [38;5;28;01mif[39;00m a [38;5;129;01mnot[39;00m [38;5;129;01min[39;00m existing:
[1;32m   2526[0m             __all__[38;5;241m.[39mappend(a)
[0;32m-> 2529[0m [38;5;28;01mfrom[39;00m [38;5;21;01m.[39;00m[38;5;21;01mumath[39;00m [38;5;28;01mimport[39;00m [38;5;241m*[39m
[1;32m   2530[0m [38;5;28;01mfrom[39;00m [38;5;21;01m.[39;00m[38;5;21;01mnumerictypes[39;00m [38;5;28;01mimport[39;00m [38;5;241m*[39m
[1;32m   2531[0m [38;5;28;01mfrom[39;00m [38;5;21;01m.[39;00m [38;5;28;01mimport[39;00m fromnumeric

[0;31mKeyboardInterrupt[0m: 
KeyboardInterrupt: 

